<?xml version="1.0" encoding="UTF-8"?>
<testsuite xmlns:xsi="http://www.w3.org/2001/XMLSchema-instance" xsi:noNamespaceSchemaLocation="https://maven.apache.org/surefire/maven-surefire-plugin/xsd/surefire-test-report-3.0.xsd" version="3.0" name="com.checkers.model.piece.TestPiece" time="0.04" tests="15" errors="0" skipped="0" failures="0">
  <properties>
[...]
</properties>
  <testcase name="testValidCapturesBlackKing" classname="com.checkers.model.piece.TestPiece" time="0.002"/>
  <testcase name="testValidCaptureSequencesWhiteKing" classname="com.checkers.model.piece.TestPiece" time="0.002"/>
  <testcase name="testValidCapturesBlackChecker" classname="com.checkers.model.piece.TestPiece" time="0.001"/>
  <testcase name="testValidNormalMovesBlackKing" classname="com.checkers.model.piece.TestPiece" time="0.002"/>
  <testcase name="testValidNormalMovesWhiteChecker" classname="com.checkers.model.piece.TestPiece" time="0.001"/>
  <testcase name="testValidCapturesWhiteKing" classname="com.checkers.model.piece.TestPiece" time="0.002"/>
  <testcase name="testToStringChecker" classname="com.checkers.model.piece.TestPiece" time="0.001"/>
  <testcase name="testValidCaptureSequencesBlackChecker" classname="com.checkers.model.piece.TestPiece" time="0.001"/>
  <testcase name="testValidNormalMovesWhiteKing" classname="com.checkers.model.piece.TestPiece" time="0.001"/>
  <testcase name="testValidCapturesWhiteChecker" classname="com.checkers.model.piece.TestPiece" time="0.001"/>
  <testcase name="testGetColour" classname="com.checkers.model.piece.TestPiece" time="0.001"/>
  <testcase name="testValidCaptureSequencesBlackKing" classname="com.checkers.model.piece.TestPiece" time="0.001"/>
  <testcase name="testToStringKing" classname="com.checkers.model.piece.TestPiece" time="0"/>
  <testcase name="testValidCaptureSequencesWhiteChecker" classname="com.checkers.model.piece.TestPiece" time="0.004"/>
  <testcase name="testValidNormalMovesBlackChecker" classname="com.checkers.model.piece.TestPiece" time="0.003"/>
</testsuite>